"C:\Program Files\JetBrains\CLion 2020.3.2\bin\cmake\win\bin\cmake.exe" -DCMAKE_BUILD_TYPE=Debug -G "CodeBlocks - MinGW Makefiles" "C:\研究生\2021 Spring\6883 Financial Computing\Midterm\midterm"
-- The C compiler identification is GNU 6.3.0
-- The CXX compiler identification is GNU 6.3.0
-- Check for working C compiler: C:/MinGW/bin/gcc.exe
-- Check for working C compiler: C:/MinGW/bin/gcc.exe - broken
CMake Error at C:/Program Files/JetBrains/CLion 2020.3.2/bin/cmake/win/share/cmake-3.17/Modules/CMakeTestCCompiler.cmake:60 (message):
  The C compiler

    "C:/MinGW/bin/gcc.exe"

  is not able to compile a simple test program.

  It fails with the following output:

    Change Dir: C:/鐮旂┒鐢�/2021 Spring/6883 Financial Computing/Midterm/midterm/cmake-build-debug/CMakeFiles/CMakeTmp
    
    Run Build Command(s):C:/MinGW/bin/mingw32-make.exe cmTC_94617/fast && C:/MinGW/bin/mingw32-make.exe  -f CMakeFiles\cmTC_94617.dir\build.make CMakeFiles/cmTC_94617.dir/build
    mingw32-make.exe[1]: Entering directory 'C:/鐮旂┒鐢�/2021 Spring/6883 Financial Computing/Midterm/midterm/cmake-build-debug/CMakeFiles/CMakeTmp'
    Building C object CMakeFiles/cmTC_94617.dir/testCCompiler.c.obj
    C:\MinGW\bin\gcc.exe    -o CMakeFiles\cmTC_94617.dir\testCCompiler.c.obj   -c "C:\閻梻鈹掗悽鐒�2021 Spring\6883 Financial Computing\Midterm\midterm\cmake-build-debug\CMakeFiles\CMakeTmp\testCCompiler.c"
    gcc.exe: error: C:\閻梻鈹掗悽鐒�2021 Spring\6883 Financial Computing\Midterm\midterm\cmake-build-debug\CMakeFiles\CMakeTmp\testCCompiler.c: No such file or directory
    gcc.exe: fatal error: no input files
    compilation terminated.
    CMakeFiles\cmTC_94617.dir\build.make:84: recipe for target 'CMakeFiles/cmTC_94617.dir/testCCompiler.c.obj' failed
    mingw32-make.exe[1]: *** [CMakeFiles/cmTC_94617.dir/testCCompiler.c.obj] Error 1
    mingw32-make.exe[1]: Leaving directory 'C:/鐮旂┒鐢�/2021 Spring/6883 Financial Computing/Midterm/midterm/cmake-build-debug/CMakeFiles/CMakeTmp'
    Makefile:140: recipe for target 'cmTC_94617/fast' failed
    mingw32-make.exe: *** [cmTC_94617/fast] Error 2
    
    

  

  CMake will not be able to correctly generate this project.
Call Stack (most recent call first):
  CMakeLists.txt:2 (project)


-- Configuring incomplete, errors occurred!
See also "C:/鐮旂┒鐢�/2021 Spring/6883 Financial Computing/Midterm/midterm/cmake-build-debug/CMakeFiles/CMakeOutput.log".
See also "C:/鐮旂┒鐢�/2021 Spring/6883 Financial Computing/Midterm/midterm/cmake-build-debug/CMakeFiles/CMakeError.log".
